mode: atomic
github.com/xiaoweize/api-demo/conf/config.go:21.18,23.2 1 6
github.com/xiaoweize/api-demo/conf/config.go:34.33,40.2 1 3
github.com/xiaoweize/api-demo/conf/config.go:50.33,52.2 1 0
github.com/xiaoweize/api-demo/conf/config.go:55.27,61.2 1 3
github.com/xiaoweize/api-demo/conf/config.go:85.31,95.2 1 3
github.com/xiaoweize/api-demo/conf/config.go:105.46,109.16 4 1
github.com/xiaoweize/api-demo/conf/config.go:112.2,119.44 5 1
github.com/xiaoweize/api-demo/conf/config.go:122.2,122.16 1 1
github.com/xiaoweize/api-demo/conf/config.go:109.16,111.3 1 0
github.com/xiaoweize/api-demo/conf/config.go:119.44,121.3 1 0
github.com/xiaoweize/api-demo/conf/config.go:127.33,132.15 3 2
github.com/xiaoweize/api-demo/conf/config.go:140.2,140.11 1 2
github.com/xiaoweize/api-demo/conf/config.go:132.15,134.17 2 1
github.com/xiaoweize/api-demo/conf/config.go:138.3,138.12 1 1
github.com/xiaoweize/api-demo/conf/config.go:134.17,135.14 1 0
github.com/xiaoweize/api-demo/conf/config.go:152.27,161.2 1 3
github.com/xiaoweize/api-demo/conf/load.go:13.48,19.16 3 2
github.com/xiaoweize/api-demo/conf/load.go:22.2,22.12 1 2
github.com/xiaoweize/api-demo/conf/load.go:19.16,21.3 1 0
github.com/xiaoweize/api-demo/conf/load.go:26.32,31.2 2 1
github.com/xiaoweize/api-demo/apps/host/impl/dao.go:15.75,20.16 3 1
github.com/xiaoweize/api-demo/apps/host/impl/dao.go:26.2,26.15 1 1
github.com/xiaoweize/api-demo/apps/host/impl/dao.go:39.2,44.16 3 1
github.com/xiaoweize/api-demo/apps/host/impl/dao.go:48.2,54.16 3 1
github.com/xiaoweize/api-demo/apps/host/impl/dao.go:59.2,60.16 2 0
github.com/xiaoweize/api-demo/apps/host/impl/dao.go:64.2,69.16 3 0
github.com/xiaoweize/api-demo/apps/host/impl/dao.go:72.2,72.12 1 0
github.com/xiaoweize/api-demo/apps/host/impl/dao.go:20.16,22.3 1 0
github.com/xiaoweize/api-demo/apps/host/impl/dao.go:26.15,27.17 1 1
github.com/xiaoweize/api-demo/apps/host/impl/dao.go:27.17,29.39 1 1
github.com/xiaoweize/api-demo/apps/host/impl/dao.go:29.39,31.5 1 0
github.com/xiaoweize/api-demo/apps/host/impl/dao.go:32.9,33.37 1 0
github.com/xiaoweize/api-demo/apps/host/impl/dao.go:33.37,35.5 1 0
github.com/xiaoweize/api-demo/apps/host/impl/dao.go:44.16,46.3 1 0
github.com/xiaoweize/api-demo/apps/host/impl/dao.go:54.16,56.3 1 1
github.com/xiaoweize/api-demo/apps/host/impl/dao.go:60.16,62.3 1 0
github.com/xiaoweize/api-demo/apps/host/impl/dao.go:69.16,71.3 1 0
github.com/xiaoweize/api-demo/apps/host/impl/dao.go:75.103,77.16 2 3
github.com/xiaoweize/api-demo/apps/host/impl/dao.go:80.2,85.113 3 3
github.com/xiaoweize/api-demo/apps/host/impl/dao.go:88.2,88.17 1 2
github.com/xiaoweize/api-demo/apps/host/impl/dao.go:77.16,79.3 1 0
github.com/xiaoweize/api-demo/apps/host/impl/dao.go:85.113,87.3 1 1
github.com/xiaoweize/api-demo/apps/host/impl/dao.go:91.77,96.16 3 1
github.com/xiaoweize/api-demo/apps/host/impl/dao.go:102.2,102.15 1 1
github.com/xiaoweize/api-demo/apps/host/impl/dao.go:115.2,119.16 3 1
github.com/xiaoweize/api-demo/apps/host/impl/dao.go:123.2,125.16 3 1
github.com/xiaoweize/api-demo/apps/host/impl/dao.go:130.2,131.16 2 1
github.com/xiaoweize/api-demo/apps/host/impl/dao.go:135.2,137.16 3 1
github.com/xiaoweize/api-demo/apps/host/impl/dao.go:140.2,140.12 1 1
github.com/xiaoweize/api-demo/apps/host/impl/dao.go:96.16,98.3 1 0
github.com/xiaoweize/api-demo/apps/host/impl/dao.go:102.15,103.17 1 1
github.com/xiaoweize/api-demo/apps/host/impl/dao.go:103.17,105.39 1 0
github.com/xiaoweize/api-demo/apps/host/impl/dao.go:105.39,107.5 1 0
github.com/xiaoweize/api-demo/apps/host/impl/dao.go:108.9,109.37 1 1
github.com/xiaoweize/api-demo/apps/host/impl/dao.go:109.37,111.5 1 0
github.com/xiaoweize/api-demo/apps/host/impl/dao.go:119.16,121.3 1 0
github.com/xiaoweize/api-demo/apps/host/impl/dao.go:125.16,127.3 1 0
github.com/xiaoweize/api-demo/apps/host/impl/dao.go:131.16,133.3 1 0
github.com/xiaoweize/api-demo/apps/host/impl/dao.go:137.16,139.3 1 0
github.com/xiaoweize/api-demo/apps/host/impl/host.go:15.95,26.39 6 1
github.com/xiaoweize/api-demo/apps/host/impl/host.go:31.2,34.16 3 1
github.com/xiaoweize/api-demo/apps/host/impl/host.go:37.2,37.17 1 0
github.com/xiaoweize/api-demo/apps/host/impl/host.go:26.39,28.3 1 0
github.com/xiaoweize/api-demo/apps/host/impl/host.go:34.16,36.3 1 1
github.com/xiaoweize/api-demo/apps/host/impl/host.go:41.109,44.24 2 1
github.com/xiaoweize/api-demo/apps/host/impl/host.go:55.2,64.16 6 1
github.com/xiaoweize/api-demo/apps/host/impl/host.go:68.2,71.16 3 1
github.com/xiaoweize/api-demo/apps/host/impl/host.go:75.2,78.18 3 1
github.com/xiaoweize/api-demo/apps/host/impl/host.go:93.2,96.16 4 1
github.com/xiaoweize/api-demo/apps/host/impl/host.go:99.2,100.81 2 1
github.com/xiaoweize/api-demo/apps/host/impl/host.go:104.2,104.17 1 1
github.com/xiaoweize/api-demo/apps/host/impl/host.go:44.24,53.3 1 1
github.com/xiaoweize/api-demo/apps/host/impl/host.go:64.16,66.3 1 0
github.com/xiaoweize/api-demo/apps/host/impl/host.go:71.16,73.3 1 0
github.com/xiaoweize/api-demo/apps/host/impl/host.go:78.18,85.114 2 5
github.com/xiaoweize/api-demo/apps/host/impl/host.go:88.3,88.15 1 5
github.com/xiaoweize/api-demo/apps/host/impl/host.go:85.114,87.4 1 0
github.com/xiaoweize/api-demo/apps/host/impl/host.go:96.16,98.3 1 0
github.com/xiaoweize/api-demo/apps/host/impl/host.go:100.81,102.3 1 0
github.com/xiaoweize/api-demo/apps/host/impl/host.go:109.112,117.16 6 3
github.com/xiaoweize/api-demo/apps/host/impl/host.go:120.2,120.17 1 2
github.com/xiaoweize/api-demo/apps/host/impl/host.go:117.16,119.3 1 1
github.com/xiaoweize/api-demo/apps/host/impl/host.go:124.108,128.16 3 0
github.com/xiaoweize/api-demo/apps/host/impl/host.go:132.2,133.16 2 0
github.com/xiaoweize/api-demo/apps/host/impl/host.go:139.2,139.15 1 0
github.com/xiaoweize/api-demo/apps/host/impl/host.go:152.2,157.16 3 0
github.com/xiaoweize/api-demo/apps/host/impl/host.go:160.2,161.57 2 0
github.com/xiaoweize/api-demo/apps/host/impl/host.go:165.2,166.16 2 0
github.com/xiaoweize/api-demo/apps/host/impl/host.go:169.2,170.57 2 0
github.com/xiaoweize/api-demo/apps/host/impl/host.go:173.2,173.17 1 0
github.com/xiaoweize/api-demo/apps/host/impl/host.go:128.16,130.3 1 0
github.com/xiaoweize/api-demo/apps/host/impl/host.go:133.16,135.3 1 0
github.com/xiaoweize/api-demo/apps/host/impl/host.go:139.15,141.17 1 0
github.com/xiaoweize/api-demo/apps/host/impl/host.go:141.17,142.39 1 0
github.com/xiaoweize/api-demo/apps/host/impl/host.go:142.39,144.5 1 0
github.com/xiaoweize/api-demo/apps/host/impl/host.go:145.9,146.37 1 0
github.com/xiaoweize/api-demo/apps/host/impl/host.go:146.37,148.5 1 0
github.com/xiaoweize/api-demo/apps/host/impl/host.go:157.16,159.3 1 0
github.com/xiaoweize/api-demo/apps/host/impl/host.go:161.57,163.3 1 0
github.com/xiaoweize/api-demo/apps/host/impl/host.go:166.16,168.3 1 0
github.com/xiaoweize/api-demo/apps/host/impl/host.go:170.57,172.3 1 0
github.com/xiaoweize/api-demo/apps/host/impl/host.go:183.108,187.16 3 2
github.com/xiaoweize/api-demo/apps/host/impl/host.go:191.2,191.25 1 2
github.com/xiaoweize/api-demo/apps/host/impl/host.go:208.2,209.39 2 2
github.com/xiaoweize/api-demo/apps/host/impl/host.go:215.2,215.43 1 1
github.com/xiaoweize/api-demo/apps/host/impl/host.go:218.2,218.17 1 1
github.com/xiaoweize/api-demo/apps/host/impl/host.go:187.16,189.3 1 0
github.com/xiaoweize/api-demo/apps/host/impl/host.go:192.28,195.43 1 1
github.com/xiaoweize/api-demo/apps/host/impl/host.go:198.30,201.45 2 1
github.com/xiaoweize/api-demo/apps/host/impl/host.go:204.10,205.59 1 0
github.com/xiaoweize/api-demo/apps/host/impl/host.go:195.43,197.4 1 0
github.com/xiaoweize/api-demo/apps/host/impl/host.go:201.45,203.4 1 0
github.com/xiaoweize/api-demo/apps/host/impl/host.go:209.39,212.3 2 1
github.com/xiaoweize/api-demo/apps/host/impl/host.go:215.43,217.3 1 0
github.com/xiaoweize/api-demo/apps/host/impl/mysql.go:28.44,35.2 1 1
github.com/xiaoweize/api-demo/apps/host/impl/mysql.go:41.13,46.2 1 1
github.com/xiaoweize/api-demo/apps/host/impl/mysql.go:49.36,52.2 2 0
github.com/xiaoweize/api-demo/apps/host/impl/mysql.go:55.41,57.2 1 2
